<?xml version="1.0" encoding="UTF-8"?>
<!-- Generated by org.testng.reporters.JUnitReportReporter -->
<testsuite hostname="DESKTOP-PTFMALK" failures="0" tests="1" name="login.LoginTest" time="28.129" errors="0" timestamp="08 Feb 2021 04:46:55 GMT" skipped="0">
  <testcase classname="login.LoginTest" name="testLogin" time="28.129"/>
</testsuite> <!-- login.LoginTest -->
