<?xml version="1.0" encoding="UTF-8"?>
<!-- Generated by org.testng.reporters.JUnitReportReporter -->
<testsuite hostname="DESKTOP-PTFMALK" failures="0" tests="1" name="login.LoginTest" time="25.681" errors="0" timestamp="04 Feb 2021 08:52:41 GMT" skipped="0">
  <testcase classname="login.LoginTest" name="testLogin" time="25.681"/>
</testsuite> <!-- login.LoginTest -->
